{
  "stats": {
    "suites": 2,
    "tests": 5,
    "passes": 5,
    "pending": 0,
    "failures": 0,
    "start": "2020-07-04T10:32:01.175Z",
    "end": "2020-07-04T10:32:01.175Z",
    "duration": 17435,
    "testsRegistered": 5,
    "passPercent": 100,
    "pendingPercent": 0,
    "other": 0,
    "hasOther": false,
    "skipped": 0,
    "hasSkipped": false
  },
  "results": [
    {
      "uuid": "e9cd3754-7936-47b6-8d70-8c6571eb1802",
      "title": "",
      "fullFile": "cypress\\integration\\secondTest.spec.js",
      "file": "cypress\\integration\\secondTest.spec.js",
      "beforeHooks": [],
      "afterHooks": [],
      "tests": [],
      "suites": [
        {
          "uuid": "1323efa5-8da6-484c-ad39-c69192862443",
          "title": "Test log out",
          "fullFile": "",
          "file": "",
          "beforeHooks": [],
          "afterHooks": [],
          "tests": [
            {
              "title": "verify use can log out successfully",
              "fullTitle": "Test log out verify use can log out successfully",
              "timedOut": null,
              "duration": 3146,
              "state": "passed",
              "speed": "slow",
              "pass": true,
              "fail": false,
              "pending": false,
              "context": null,
              "code": "cy.contains('Settings').click();\ncy.contains('Or click here to logout').click();\ncy.get('.navbar-nav').should('contain', 'Sign up');",
              "err": {},
              "uuid": "a83ca848-2e86-4058-974c-2efd0ffed845",
              "parentUUID": "1323efa5-8da6-484c-ad39-c69192862443",
              "isHook": false,
              "skipped": false
            }
          ],
          "suites": [],
          "passes": [
            "a83ca848-2e86-4058-974c-2efd0ffed845"
          ],
          "failures": [],
          "pending": [],
          "skipped": [],
          "duration": 3146,
          "root": false,
          "rootEmpty": false,
          "_timeout": 2000
        }
      ],
      "passes": [],
      "failures": [],
      "pending": [],
      "skipped": [],
      "duration": 0,
      "root": true,
      "rootEmpty": true,
      "_timeout": 2000
    },
    {
      "uuid": "ca39f32f-84dd-4aef-a12f-970d6e11c5e4",
      "title": "",
      "fullFile": "cypress\\integration\\firstTest.spec.js",
      "file": "cypress\\integration\\firstTest.spec.js",
      "beforeHooks": [],
      "afterHooks": [],
      "tests": [],
      "suites": [
        {
          "uuid": "39448fa0-3d11-415a-97cb-f53ac72ebdf2",
          "title": "Test with backend",
          "fullFile": "",
          "file": "",
          "beforeHooks": [],
          "afterHooks": [],
          "tests": [
            {
              "title": "verify correct request and response",
              "fullTitle": "Test with backend verify correct request and response",
              "timedOut": null,
              "duration": 7190,
              "state": "passed",
              "speed": "slow",
              "pass": true,
              "fail": false,
              "pending": false,
              "context": null,
              "code": "cy.server();\ncy.route('POST', '**/articles').as('postArticles');\ncy.contains('New Article').click();\ncy.get('[formcontrolname=\"title\"]').type('This is a title');\ncy.get('[formcontrolname=\"description\"]').type('This is a description');\ncy.get('[formcontrolname=\"body\"]').type('This is a body of the Article');\ncy.contains('Publish Article').click();\ncy.wait('@postArticles');\ncy.get('@postArticles').then(function (xhr) {\n    console.log(xhr);\n    expect(xhr.status).to.equal(200);\n    expect(xhr.request.body.article.body).to.equal('This is a body of the Article');\n    expect(xhr.response.body.article.description).to.equal('This is a description');\n});",
              "err": {},
              "uuid": "4182048f-3cd1-442a-8913-bc8aa47ab59c",
              "parentUUID": "39448fa0-3d11-415a-97cb-f53ac72ebdf2",
              "isHook": false,
              "skipped": false
            },
            {
              "title": "should gave tags with routing objects",
              "fullTitle": "Test with backend should gave tags with routing objects",
              "timedOut": null,
              "duration": 1523,
              "state": "passed",
              "speed": "slow",
              "pass": true,
              "fail": false,
              "pending": false,
              "context": null,
              "code": "cy.get('.tag-list')\n    .should('contain', 'cypress')\n    .and('contain', 'automation')\n    .and('contain', 'testing');",
              "err": {},
              "uuid": "7481a5fe-b334-448c-9798-a8fd1104d77e",
              "parentUUID": "39448fa0-3d11-415a-97cb-f53ac72ebdf2",
              "isHook": false,
              "skipped": false
            },
            {
              "title": "verify global feed likes count",
              "fullTitle": "Test with backend verify global feed likes count",
              "timedOut": null,
              "duration": 1488,
              "state": "passed",
              "speed": "slow",
              "pass": true,
              "fail": false,
              "pending": false,
              "context": null,
              "code": "cy.route('GET', '**/articles/feed*', '{\"articles\":[],\"articlesCount\":0}');\ncy.route('GET', '**/articles*', 'fixture:articles.json');\ncy.contains('Global Feed').click();\ncy.get('app-article-list button').then(function (listOfButtons) {\n    expect(listOfButtons[0]).to.contain('0');\n    expect(listOfButtons[1]).to.contain('1');\n});\ncy.fixture('articles').then(function (file) {\n    var articleLink = file.articles[1].slug;\n    cy.route('POST', '**/articles/' + articleLink + '/favorite', file);\n});\ncy.get('app-article-list button').eq(1).click().should('contain', '2');",
              "err": {},
              "uuid": "e7739c9a-609e-4da7-bc2b-ee324a979512",
              "parentUUID": "39448fa0-3d11-415a-97cb-f53ac72ebdf2",
              "isHook": false,
              "skipped": false
            },
            {
              "title": "delete a new article in a global feed",
              "fullTitle": "Test with backend delete a new article in a global feed",
              "timedOut": null,
              "duration": 4088,
              "state": "passed",
              "speed": "slow",
              "pass": true,
              "fail": false,
              "pending": false,
              "context": null,
              "code": "var bodyRequest = {\n    \"article\": {\n        \"tagList\": [],\n        \"title\": \"Request from API\",\n        \"description\": \"API testing is easy\",\n        \"body\": \"Angular is cool\"\n    }\n};\ncy.get('@token').then(function (token) {\n    cy.request({\n        url: Cypress.env('apiUrl') + 'api/articles/',\n        headers: { 'Authorization': 'Token ' + token },\n        method: 'POST',\n        body: bodyRequest\n    }).then(function (response) {\n        expect(response.status).to.equal(200);\n    });\n    cy.contains('Global Feed').click();\n    cy.get('.article-preview').first().click();\n    cy.get('.article-actions').contains('Delete Article').click();\n    cy.request({\n        url: Cypress.env('apiUrl') + 'api/articles?limit=10&offset=0',\n        headers: { 'Authorization': 'Token ' + token },\n        method: 'GET'\n    }).its('body').then(function (body) {\n        console.log(body);\n        expect(body.articles[0].title).not.to.equal(bodyRequest.title);\n    });\n});",
              "err": {},
              "uuid": "be91a4c7-838d-4767-8eb1-68c62d544346",
              "parentUUID": "39448fa0-3d11-415a-97cb-f53ac72ebdf2",
              "isHook": false,
              "skipped": false
            }
          ],
          "suites": [],
          "passes": [
            "4182048f-3cd1-442a-8913-bc8aa47ab59c",
            "7481a5fe-b334-448c-9798-a8fd1104d77e",
            "e7739c9a-609e-4da7-bc2b-ee324a979512",
            "be91a4c7-838d-4767-8eb1-68c62d544346"
          ],
          "failures": [],
          "pending": [],
          "skipped": [],
          "duration": 14289,
          "root": false,
          "rootEmpty": false,
          "_timeout": 2000
        }
      ],
      "passes": [],
      "failures": [],
      "pending": [],
      "skipped": [],
      "duration": 0,
      "root": true,
      "rootEmpty": true,
      "_timeout": 2000
    }
  ],
  "meta": {
    "mocha": {
      "version": "7.0.1"
    },
    "mochawesome": {
      "options": {
        "quiet": false,
        "reportFilename": "mochawesome",
        "saveHtml": false,
        "saveJson": true,
        "consoleReporter": "spec",
        "useInlineDiffs": false,
        "code": true
      },
      "version": "6.1.1"
    },
    "marge": {
      "options": {
        "id": "default",
        "reportDir": "cypress/results/mochawesome",
        "overwrite": false,
        "html": false,
        "json": true
      },
      "version": "5.1.0"
    }
  }
}